Determining size of off64_t failed with the following output:
Change Dir: C:/Users/Bruna/Desktop/TESE/CPU_implementation/build1/CMakeFiles/CMakeTmp

Run Build Command(s):C:/Program Files (x86)/Microsoft Visual Studio/2019/Community/MSBuild/Current/Bin/MSBuild.exe cmTC_41b19.vcxproj /p:Configuration=Debug /p:Platform=x64 /p:VisualStudioVersion=16.0 /v:m && Microsoft (R) Build Engine version 16.11.2+f32259642 for .NET Framework
Copyright (C) Microsoft Corporation. All rights reserved.

  Microsoft (R) C/C++ Optimizing Compiler Version 19.29.30141 for x64
  Copyright (C) Microsoft Corporation.  All rights reserved.
  OFF64_T.c
  cl /c /Zi /W3 /WX- /diagnostics:column /Od /Ob0 /D _MBCS /D WIN32 /D _WINDOWS /D _LARGEFILE64_SOURCE=1 /D HAVE_SYS_TYPES_H /D HAVE_STDINT_H /D HAVE_STDDEF_H /D "CMAKE_INTDIR=\"Debug\"" /Gm- /RTC1 /MDd /GS /fp:precise /Zc:wchar_t /Zc:forScope /Zc:inline /Fo"cmTC_41b19.dir\Debug\\" /Fd"cmTC_41b19.dir\Debug\vc142.pdb" /external:W3 /Gd /TC /errorReport:queue C:\Users\Bruna\Desktop\TESE\CPU_implementation\build1\CMakeFiles\CheckTypeSize\OFF64_T.c
C:\Users\Bruna\Desktop\TESE\CPU_implementation\build1\CMakeFiles\CheckTypeSize\OFF64_T.c(29,12): error C2065: 'off64_t': undeclared identifier [C:\Users\Bruna\Desktop\TESE\CPU_implementation\build1\CMakeFiles\CMakeTmp\cmTC_41b19.vcxproj]
C:\Users\Bruna\Desktop\TESE\CPU_implementation\build1\CMakeFiles\CheckTypeSize\OFF64_T.c(30,12): error C2065: 'off64_t': undeclared identifier [C:\Users\Bruna\Desktop\TESE\CPU_implementation\build1\CMakeFiles\CMakeTmp\cmTC_41b19.vcxproj]
C:\Users\Bruna\Desktop\TESE\CPU_implementation\build1\CMakeFiles\CheckTypeSize\OFF64_T.c(31,12): error C2065: 'off64_t': undeclared identifier [C:\Users\Bruna\Desktop\TESE\CPU_implementation\build1\CMakeFiles\CMakeTmp\cmTC_41b19.vcxproj]
C:\Users\Bruna\Desktop\TESE\CPU_implementation\build1\CMakeFiles\CheckTypeSize\OFF64_T.c(32,12): error C2065: 'off64_t': undeclared identifier [C:\Users\Bruna\Desktop\TESE\CPU_implementation\build1\CMakeFiles\CMakeTmp\cmTC_41b19.vcxproj]
C:\Users\Bruna\Desktop\TESE\CPU_implementation\build1\CMakeFiles\CheckTypeSize\OFF64_T.c(33,12): error C2065: 'off64_t': undeclared identifier [C:\Users\Bruna\Desktop\TESE\CPU_implementation\build1\CMakeFiles\CMakeTmp\cmTC_41b19.vcxproj]


C:/Users/Bruna/Desktop/TESE/CPU_implementation/build1/CMakeFiles/CheckTypeSize/OFF64_T.c:
#include <sys/types.h>
#include <stdint.h>
#include <stddef.h>


#undef KEY
#if defined(__i386)
# define KEY '_','_','i','3','8','6'
#elif defined(__x86_64)
# define KEY '_','_','x','8','6','_','6','4'
#elif defined(__PPC64__)
# define KEY '_','_','P','P','C','6','4','_','_'
#elif defined(__ppc64__)
# define KEY '_','_','p','p','c','6','4','_','_'
#elif defined(__PPC__)
# define KEY '_','_','P','P','C','_','_'
#elif defined(__ppc__)
# define KEY '_','_','p','p','c','_','_'
#elif defined(__aarch64__)
# define KEY '_','_','a','a','r','c','h','6','4','_','_'
#elif defined(__ARM_ARCH_7A__)
# define KEY '_','_','A','R','M','_','A','R','C','H','_','7','A','_','_'
#elif defined(__ARM_ARCH_7S__)
# define KEY '_','_','A','R','M','_','A','R','C','H','_','7','S','_','_'
#endif

#define SIZE (sizeof(off64_t))
static char info_size[] =  {'I', 'N', 'F', 'O', ':', 's','i','z','e','[',
  ('0' + ((SIZE / 10000)%10)),
  ('0' + ((SIZE / 1000)%10)),
  ('0' + ((SIZE / 100)%10)),
  ('0' + ((SIZE / 10)%10)),
  ('0' +  (SIZE    % 10)),
  ']',
#ifdef KEY
  ' ','k','e','y','[', KEY, ']',
#endif
  '\0'};

#ifdef __CLASSIC_C__
int main(argc, argv) int argc; char *argv[];
#else
int main(int argc, char *argv[])
#endif
{
  int require = 0;
  require += info_size[argc];
  (void)argv;
  return require;
}


Determining if the function fseeko exists failed with the following output:
Change Dir: C:/Users/Bruna/Desktop/TESE/CPU_implementation/build1/CMakeFiles/CMakeTmp

Run Build Command(s):C:/Program Files (x86)/Microsoft Visual Studio/2019/Community/MSBuild/Current/Bin/MSBuild.exe cmTC_633c6.vcxproj /p:Configuration=Debug /p:Platform=x64 /p:VisualStudioVersion=16.0 /v:m && Microsoft (R) Build Engine version 16.11.2+f32259642 for .NET Framework
Copyright (C) Microsoft Corporation. All rights reserved.

  Microsoft (R) C/C++ Optimizing Compiler Version 19.29.30141 for x64
  Copyright (C) Microsoft Corporation.  All rights reserved.
  CheckFunctionExists.c
  cl /c /Zi /W3 /WX- /diagnostics:column /Od /Ob0 /D _MBCS /D WIN32 /D _WINDOWS /D CHECK_FUNCTION_EXISTS=fseeko /D "CMAKE_INTDIR=\"Debug\"" /Gm- /RTC1 /MDd /GS /fp:precise /Zc:wchar_t /Zc:forScope /Zc:inline /Fo"cmTC_633c6.dir\Debug\\" /Fd"cmTC_633c6.dir\Debug\vc142.pdb" /external:W3 /Gd /TC /errorReport:queue "C:\Program Files\CMake\share\cmake-3.23\Modules\CheckFunctionExists.c"
CheckFunctionExists.obj : error LNK2019: unresolved external symbol fseeko referenced in function main [C:\Users\Bruna\Desktop\TESE\CPU_implementation\build1\CMakeFiles\CMakeTmp\cmTC_633c6.vcxproj]
C:\Users\Bruna\Desktop\TESE\CPU_implementation\build1\CMakeFiles\CMakeTmp\Debug\cmTC_633c6.exe : fatal error LNK1120: 1 unresolved externals [C:\Users\Bruna\Desktop\TESE\CPU_implementation\build1\CMakeFiles\CMakeTmp\cmTC_633c6.vcxproj]



Determining if the include file unistd.h exists failed with the following output:
Change Dir: C:/Users/Bruna/Desktop/TESE/CPU_implementation/build1/CMakeFiles/CMakeTmp

Run Build Command(s):C:/Program Files (x86)/Microsoft Visual Studio/2019/Community/MSBuild/Current/Bin/MSBuild.exe cmTC_017b6.vcxproj /p:Configuration=Debug /p:Platform=x64 /p:VisualStudioVersion=16.0 /v:m && Microsoft (R) Build Engine version 16.11.2+f32259642 for .NET Framework
Copyright (C) Microsoft Corporation. All rights reserved.

  Microsoft (R) C/C++ Optimizing Compiler Version 19.29.30141 for x64
  Copyright (C) Microsoft Corporation.  All rights reserved.
  CheckIncludeFile.c
  cl /c /Zi /W3 /WX- /diagnostics:column /Od /Ob0 /D _MBCS /D WIN32 /D _WINDOWS /D "CMAKE_INTDIR=\"Debug\"" /Gm- /RTC1 /MDd /GS /fp:precise /Zc:wchar_t /Zc:forScope /Zc:inline /Fo"cmTC_017b6.dir\Debug\\" /Fd"cmTC_017b6.dir\Debug\vc142.pdb" /external:W3 /Gd /TC /errorReport:queue C:\Users\Bruna\Desktop\TESE\CPU_implementation\build1\CMakeFiles\CMakeTmp\CheckIncludeFile.c
C:\Users\Bruna\Desktop\TESE\CPU_implementation\build1\CMakeFiles\CMakeTmp\CheckIncludeFile.c(1,10): fatal error C1083: Cannot open include file: 'unistd.h': No such file or directory [C:\Users\Bruna\Desktop\TESE\CPU_implementation\build1\CMakeFiles\CMakeTmp\cmTC_017b6.vcxproj]



Determining if files unistd.h exist failed with the following output:
Change Dir: C:/Users/Bruna/Desktop/TESE/CPU_implementation/build1/CMakeFiles/CMakeTmp

Run Build Command(s):C:/Program Files (x86)/Microsoft Visual Studio/2019/Community/MSBuild/Current/Bin/MSBuild.exe cmTC_10697.vcxproj /p:Configuration=Debug /p:Platform=x64 /p:VisualStudioVersion=16.0 /v:m && Microsoft (R) Build Engine version 16.11.2+f32259642 for .NET Framework
Copyright (C) Microsoft Corporation. All rights reserved.

  Microsoft (R) C/C++ Optimizing Compiler Version 19.29.30141 for x64
  Copyright (C) Microsoft Corporation.  All rights reserved.
  HAVE_UNISTD_H.c
  cl /c /Zi /W3 /WX- /diagnostics:column /Od /Ob0 /D _MBCS /D WIN32 /D _WINDOWS /D "CMAKE_INTDIR=\"Debug\"" /Gm- /RTC1 /MDd /GS /fp:precise /Zc:wchar_t /Zc:forScope /Zc:inline /Fo"cmTC_10697.dir\Debug\\" /Fd"cmTC_10697.dir\Debug\vc142.pdb" /external:W3 /Gd /TC /errorReport:queue C:\Users\Bruna\Desktop\TESE\CPU_implementation\build1\CMakeFiles\CheckIncludeFiles\HAVE_UNISTD_H.c
C:\Users\Bruna\Desktop\TESE\CPU_implementation\build1\CMakeFiles\CheckIncludeFiles\HAVE_UNISTD_H.c(2,10): fatal error C1083: Cannot open include file: 'unistd.h': No such file or directory [C:\Users\Bruna\Desktop\TESE\CPU_implementation\build1\CMakeFiles\CMakeTmp\cmTC_10697.vcxproj]


Source:
/* */
#include <unistd.h>


int main(void){return 0;}

Determining if files sys/time.h exist failed with the following output:
Change Dir: C:/Users/Bruna/Desktop/TESE/CPU_implementation/build1/CMakeFiles/CMakeTmp

Run Build Command(s):C:/Program Files (x86)/Microsoft Visual Studio/2019/Community/MSBuild/Current/Bin/MSBuild.exe cmTC_38403.vcxproj /p:Configuration=Debug /p:Platform=x64 /p:VisualStudioVersion=16.0 /v:m && Microsoft (R) Build Engine version 16.11.2+f32259642 for .NET Framework
Copyright (C) Microsoft Corporation. All rights reserved.

  Microsoft (R) C/C++ Optimizing Compiler Version 19.29.30141 for x64
  Copyright (C) Microsoft Corporation.  All rights reserved.
  HAVE_SYS_TIME_H.c
C:\Users\Bruna\Desktop\TESE\CPU_implementation\build1\CMakeFiles\CheckIncludeFiles\HAVE_SYS_TIME_H.c(2,10): fatal error C1083: Cannot open include file: 'sys/time.h': No such file or directory [C:\Users\Bruna\Desktop\TESE\CPU_implementation\build1\CMakeFiles\CMakeTmp\cmTC_38403.vcxproj]
  cl /c /Zi /W3 /WX- /diagnostics:column /Od /Ob0 /D _MBCS /D WIN32 /D _WINDOWS /D "CMAKE_INTDIR=\"Debug\"" /Gm- /RTC1 /MDd /GS /fp:precise /Zc:wchar_t /Zc:forScope /Zc:inline /Fo"cmTC_38403.dir\Debug\\" /Fd"cmTC_38403.dir\Debug\vc142.pdb" /external:W3 /Gd /TC /errorReport:queue C:\Users\Bruna\Desktop\TESE\CPU_implementation\build1\CMakeFiles\CheckIncludeFiles\HAVE_SYS_TIME_H.c


Source:
/* */
#include <sys/time.h>


int main(void){return 0;}

Determining if files sys/param.h exist failed with the following output:
Change Dir: C:/Users/Bruna/Desktop/TESE/CPU_implementation/build1/CMakeFiles/CMakeTmp

Run Build Command(s):C:/Program Files (x86)/Microsoft Visual Studio/2019/Community/MSBuild/Current/Bin/MSBuild.exe cmTC_467b1.vcxproj /p:Configuration=Debug /p:Platform=x64 /p:VisualStudioVersion=16.0 /v:m && Microsoft (R) Build Engine version 16.11.2+f32259642 for .NET Framework
Copyright (C) Microsoft Corporation. All rights reserved.

  Microsoft (R) C/C++ Optimizing Compiler Version 19.29.30141 for x64
  Copyright (C) Microsoft Corporation.  All rights reserved.
  HAVE_SYS_PARAM_H.c
C:\Users\Bruna\Desktop\TESE\CPU_implementation\build1\CMakeFiles\CheckIncludeFiles\HAVE_SYS_PARAM_H.c(2,10): fatal error C1083: Cannot open include file: 'sys/param.h': No such file or directory [C:\Users\Bruna\Desktop\TESE\CPU_implementation\build1\CMakeFiles\CMakeTmp\cmTC_467b1.vcxproj]
  cl /c /Zi /W3 /WX- /diagnostics:column /Od /Ob0 /D _MBCS /D WIN32 /D _WINDOWS /D "CMAKE_INTDIR=\"Debug\"" /Gm- /RTC1 /MDd /GS /fp:precise /Zc:wchar_t /Zc:forScope /Zc:inline /Fo"cmTC_467b1.dir\Debug\\" /Fd"cmTC_467b1.dir\Debug\vc142.pdb" /external:W3 /Gd /TC /errorReport:queue C:\Users\Bruna\Desktop\TESE\CPU_implementation\build1\CMakeFiles\CheckIncludeFiles\HAVE_SYS_PARAM_H.c


Source:
/* */
#include <sys/param.h>


int main(void){return 0;}

Determining if files sys/ioctl.h exist failed with the following output:
Change Dir: C:/Users/Bruna/Desktop/TESE/CPU_implementation/build1/CMakeFiles/CMakeTmp

Run Build Command(s):C:/Program Files (x86)/Microsoft Visual Studio/2019/Community/MSBuild/Current/Bin/MSBuild.exe cmTC_d300a.vcxproj /p:Configuration=Debug /p:Platform=x64 /p:VisualStudioVersion=16.0 /v:m && Microsoft (R) Build Engine version 16.11.2+f32259642 for .NET Framework
Copyright (C) Microsoft Corporation. All rights reserved.

  Microsoft (R) C/C++ Optimizing Compiler Version 19.29.30141 for x64
  Copyright (C) Microsoft Corporation.  All rights reserved.
  HAVE_SYS_IOCTL_H.c
C:\Users\Bruna\Desktop\TESE\CPU_implementation\build1\CMakeFiles\CheckIncludeFiles\HAVE_SYS_IOCTL_H.c(2,10): fatal error C1083: Cannot open include file: 'sys/ioctl.h': No such file or directory [C:\Users\Bruna\Desktop\TESE\CPU_implementation\build1\CMakeFiles\CMakeTmp\cmTC_d300a.vcxproj]
  cl /c /Zi /W3 /WX- /diagnostics:column /Od /Ob0 /D _MBCS /D WIN32 /D _WINDOWS /D "CMAKE_INTDIR=\"Debug\"" /Gm- /RTC1 /MDd /GS /fp:precise /Zc:wchar_t /Zc:forScope /Zc:inline /Fo"cmTC_d300a.dir\Debug\\" /Fd"cmTC_d300a.dir\Debug\vc142.pdb" /external:W3 /Gd /TC /errorReport:queue C:\Users\Bruna\Desktop\TESE\CPU_implementation\build1\CMakeFiles\CheckIncludeFiles\HAVE_SYS_IOCTL_H.c


Source:
/* */
#include <sys/ioctl.h>


int main(void){return 0;}

Determining if files usbhid.h exist failed with the following output:
Change Dir: C:/Users/Bruna/Desktop/TESE/CPU_implementation/build1/CMakeFiles/CMakeTmp

Run Build Command(s):C:/Program Files (x86)/Microsoft Visual Studio/2019/Community/MSBuild/Current/Bin/MSBuild.exe cmTC_74005.vcxproj /p:Configuration=Debug /p:Platform=x64 /p:VisualStudioVersion=16.0 /v:m && Microsoft (R) Build Engine version 16.11.2+f32259642 for .NET Framework
Copyright (C) Microsoft Corporation. All rights reserved.

  Microsoft (R) C/C++ Optimizing Compiler Version 19.29.30141 for x64
  Copyright (C) Microsoft Corporation.  All rights reserved.
  HAVE_USBHID_H.c
  cl /c /Zi /W3 /WX- /diagnostics:column /Od /Ob0 /D _MBCS /D WIN32 /D _WINDOWS /D "CMAKE_INTDIR=\"Debug\"" /Gm- /RTC1 /MDd /GS /fp:precise /Zc:wchar_t /Zc:forScope /Zc:inline /Fo"cmTC_74005.dir\Debug\\" /Fd"cmTC_74005.dir\Debug\vc142.pdb" /external:W3 /Gd /TC /errorReport:queue C:\Users\Bruna\Desktop\TESE\CPU_implementation\build1\CMakeFiles\CheckIncludeFiles\HAVE_USBHID_H.c
C:\Users\Bruna\Desktop\TESE\CPU_implementation\build1\CMakeFiles\CheckIncludeFiles\HAVE_USBHID_H.c(2,10): fatal error C1083: Cannot open include file: 'usbhid.h': No such file or directory [C:\Users\Bruna\Desktop\TESE\CPU_implementation\build1\CMakeFiles\CMakeTmp\cmTC_74005.vcxproj]


Source:
/* */
#include <usbhid.h>


int main(void){return 0;}

Determining if the function gettimeofday exists failed with the following output:
Change Dir: C:/Users/Bruna/Desktop/TESE/CPU_implementation/build1/CMakeFiles/CMakeTmp

Run Build Command(s):C:/Program Files (x86)/Microsoft Visual Studio/2019/Community/MSBuild/Current/Bin/MSBuild.exe cmTC_9c80d.vcxproj /p:Configuration=Debug /p:Platform=x64 /p:VisualStudioVersion=16.0 /v:m && Microsoft (R) Build Engine version 16.11.2+f32259642 for .NET Framework
Copyright (C) Microsoft Corporation. All rights reserved.

  Microsoft (R) C/C++ Optimizing Compiler Version 19.29.30141 for x64
  Copyright (C) Microsoft Corporation.  All rights reserved.
  CheckFunctionExists.c
  cl /c /Zi /W3 /WX- /diagnostics:column /Od /Ob0 /D _MBCS /D WIN32 /D _WINDOWS /D CHECK_FUNCTION_EXISTS=gettimeofday /D "CMAKE_INTDIR=\"Debug\"" /Gm- /RTC1 /MDd /GS /fp:precise /Zc:wchar_t /Zc:forScope /Zc:inline /Fo"cmTC_9c80d.dir\Debug\\" /Fd"cmTC_9c80d.dir\Debug\vc142.pdb" /external:W3 /Gd /TC /errorReport:queue "C:\Program Files\CMake\share\cmake-3.23\Modules\CheckFunctionExists.c"
CheckFunctionExists.obj : error LNK2019: unresolved external symbol gettimeofday referenced in function main [C:\Users\Bruna\Desktop\TESE\CPU_implementation\build1\CMakeFiles\CMakeTmp\cmTC_9c80d.vcxproj]
C:\Users\Bruna\Desktop\TESE\CPU_implementation\build1\CMakeFiles\CMakeTmp\Debug\cmTC_9c80d.exe : fatal error LNK1120: 1 unresolved externals [C:\Users\Bruna\Desktop\TESE\CPU_implementation\build1\CMakeFiles\CMakeTmp\cmTC_9c80d.vcxproj]



Determining if the function XParseGeometry exists failed with the following output:
Change Dir: C:/Users/Bruna/Desktop/TESE/CPU_implementation/build1/CMakeFiles/CMakeTmp

Run Build Command(s):C:/Program Files (x86)/Microsoft Visual Studio/2019/Community/MSBuild/Current/Bin/MSBuild.exe cmTC_a0106.vcxproj /p:Configuration=Debug /p:Platform=x64 /p:VisualStudioVersion=16.0 /v:m && Microsoft (R) Build Engine version 16.11.2+f32259642 for .NET Framework
Copyright (C) Microsoft Corporation. All rights reserved.

  Microsoft (R) C/C++ Optimizing Compiler Version 19.29.30141 for x64
  Copyright (C) Microsoft Corporation.  All rights reserved.
  CheckFunctionExists.c
  cl /c /Zi /W3 /WX- /diagnostics:column /Od /Ob0 /D _MBCS /D WIN32 /D _WINDOWS /D CHECK_FUNCTION_EXISTS=XParseGeometry /D "CMAKE_INTDIR=\"Debug\"" /Gm- /RTC1 /MDd /GS /fp:precise /Zc:wchar_t /Zc:forScope /Zc:inline /Fo"cmTC_a0106.dir\Debug\\" /Fd"cmTC_a0106.dir\Debug\vc142.pdb" /external:W3 /Gd /TC /errorReport:queue "C:\Program Files\CMake\share\cmake-3.23\Modules\CheckFunctionExists.c"
CheckFunctionExists.obj : error LNK2019: unresolved external symbol XParseGeometry referenced in function main [C:\Users\Bruna\Desktop\TESE\CPU_implementation\build1\CMakeFiles\CMakeTmp\cmTC_a0106.vcxproj]
C:\Users\Bruna\Desktop\TESE\CPU_implementation\build1\CMakeFiles\CMakeTmp\Debug\cmTC_a0106.exe : fatal error LNK1120: 1 unresolved externals [C:\Users\Bruna\Desktop\TESE\CPU_implementation\build1\CMakeFiles\CMakeTmp\cmTC_a0106.vcxproj]



