Determining size of off64_t failed with the following output:
Change Dir: C:/Users/bruna/Desktop/TESE/CPU_implementation/build5/CMakeFiles/CMakeTmp

Run Build Command(s):C:/Program Files (x86)/Microsoft Visual Studio/2019/Community/MSBuild/Current/Bin/MSBuild.exe cmTC_7c9c7.vcxproj /p:Configuration=Debug /p:Platform=x64 /p:VisualStudioVersion=16.0 /v:m && Microsoft (R) Build Engine version 16.9.0+5e4b48a27 for .NET Framework
Copyright (C) Microsoft Corporation. All rights reserved.

  Microsoft (R) C/C++ Optimizing Compiler Version 19.28.29914 for x64
  Copyright (C) Microsoft Corporation.  All rights reserved.
  OFF64_T.c
  cl /c /Zi /W3 /WX- /diagnostics:column /Od /Ob0 /D WIN32 /D _WINDOWS /D _LARGEFILE64_SOURCE=1 /D HAVE_SYS_TYPES_H /D HAVE_STDINT_H /D HAVE_STDDEF_H /D "CMAKE_INTDIR=\"Debug\"" /D _MBCS /Gm- /RTC1 /MDd /GS /fp:precise /Zc:wchar_t /Zc:forScope /Zc:inline /Fo"cmTC_7c9c7.dir\Debug\\" /Fd"cmTC_7c9c7.dir\Debug\vc142.pdb" /Gd /TC /errorReport:queue C:\Users\bruna\Desktop\TESE\CPU_implementation\build5\CMakeFiles\CheckTypeSize\OFF64_T.c
C:\Users\bruna\Desktop\TESE\CPU_implementation\build5\CMakeFiles\CheckTypeSize\OFF64_T.c(29,12): error C2065: 'off64_t': undeclared identifier [C:\Users\bruna\Desktop\TESE\CPU_implementation\build5\CMakeFiles\CMakeTmp\cmTC_7c9c7.vcxproj]
C:\Users\bruna\Desktop\TESE\CPU_implementation\build5\CMakeFiles\CheckTypeSize\OFF64_T.c(30,12): error C2065: 'off64_t': undeclared identifier [C:\Users\bruna\Desktop\TESE\CPU_implementation\build5\CMakeFiles\CMakeTmp\cmTC_7c9c7.vcxproj]
C:\Users\bruna\Desktop\TESE\CPU_implementation\build5\CMakeFiles\CheckTypeSize\OFF64_T.c(31,12): error C2065: 'off64_t': undeclared identifier [C:\Users\bruna\Desktop\TESE\CPU_implementation\build5\CMakeFiles\CMakeTmp\cmTC_7c9c7.vcxproj]
C:\Users\bruna\Desktop\TESE\CPU_implementation\build5\CMakeFiles\CheckTypeSize\OFF64_T.c(32,12): error C2065: 'off64_t': undeclared identifier [C:\Users\bruna\Desktop\TESE\CPU_implementation\build5\CMakeFiles\CMakeTmp\cmTC_7c9c7.vcxproj]
C:\Users\bruna\Desktop\TESE\CPU_implementation\build5\CMakeFiles\CheckTypeSize\OFF64_T.c(33,12): error C2065: 'off64_t': undeclared identifier [C:\Users\bruna\Desktop\TESE\CPU_implementation\build5\CMakeFiles\CMakeTmp\cmTC_7c9c7.vcxproj]


C:/Users/bruna/Desktop/TESE/CPU_implementation/build5/CMakeFiles/CheckTypeSize/OFF64_T.c:
#include <sys/types.h>
#include <stdint.h>
#include <stddef.h>


#undef KEY
#if defined(__i386)
# define KEY '_','_','i','3','8','6'
#elif defined(__x86_64)
# define KEY '_','_','x','8','6','_','6','4'
#elif defined(__PPC64__)
# define KEY '_','_','P','P','C','6','4','_','_'
#elif defined(__ppc64__)
# define KEY '_','_','p','p','c','6','4','_','_'
#elif defined(__PPC__)
# define KEY '_','_','P','P','C','_','_'
#elif defined(__ppc__)
# define KEY '_','_','p','p','c','_','_'
#elif defined(__aarch64__)
# define KEY '_','_','a','a','r','c','h','6','4','_','_'
#elif defined(__ARM_ARCH_7A__)
# define KEY '_','_','A','R','M','_','A','R','C','H','_','7','A','_','_'
#elif defined(__ARM_ARCH_7S__)
# define KEY '_','_','A','R','M','_','A','R','C','H','_','7','S','_','_'
#endif

#define SIZE (sizeof(off64_t))
static char info_size[] =  {'I', 'N', 'F', 'O', ':', 's','i','z','e','[',
  ('0' + ((SIZE / 10000)%10)),
  ('0' + ((SIZE / 1000)%10)),
  ('0' + ((SIZE / 100)%10)),
  ('0' + ((SIZE / 10)%10)),
  ('0' +  (SIZE    % 10)),
  ']',
#ifdef KEY
  ' ','k','e','y','[', KEY, ']',
#endif
  '\0'};

#ifdef __CLASSIC_C__
int main(argc, argv) int argc; char *argv[];
#else
int main(int argc, char *argv[])
#endif
{
  int require = 0;
  require += info_size[argc];
  (void)argv;
  return require;
}


Determining if the function fseeko exists failed with the following output:
Change Dir: C:/Users/bruna/Desktop/TESE/CPU_implementation/build5/CMakeFiles/CMakeTmp

Run Build Command(s):C:/Program Files (x86)/Microsoft Visual Studio/2019/Community/MSBuild/Current/Bin/MSBuild.exe cmTC_42a4e.vcxproj /p:Configuration=Debug /p:Platform=x64 /p:VisualStudioVersion=16.0 /v:m && Microsoft (R) Build Engine version 16.9.0+5e4b48a27 for .NET Framework
Copyright (C) Microsoft Corporation. All rights reserved.

  Microsoft (R) C/C++ Optimizing Compiler Version 19.28.29914 for x64
  Copyright (C) Microsoft Corporation.  All rights reserved.
  CheckFunctionExists.c
  cl /c /Zi /W3 /WX- /diagnostics:column /Od /Ob0 /D WIN32 /D _WINDOWS /D CHECK_FUNCTION_EXISTS=fseeko /D "CMAKE_INTDIR=\"Debug\"" /D _MBCS /Gm- /RTC1 /MDd /GS /fp:precise /Zc:wchar_t /Zc:forScope /Zc:inline /Fo"cmTC_42a4e.dir\Debug\\" /Fd"cmTC_42a4e.dir\Debug\vc142.pdb" /Gd /TC /errorReport:queue "C:\Program Files\CMake\share\cmake-3.20\Modules\CheckFunctionExists.c"
CheckFunctionExists.obj : error LNK2019: unresolved external symbol fseeko referenced in function main [C:\Users\bruna\Desktop\TESE\CPU_implementation\build5\CMakeFiles\CMakeTmp\cmTC_42a4e.vcxproj]
C:\Users\bruna\Desktop\TESE\CPU_implementation\build5\CMakeFiles\CMakeTmp\Debug\cmTC_42a4e.exe : fatal error LNK1120: 1 unresolved externals [C:\Users\bruna\Desktop\TESE\CPU_implementation\build5\CMakeFiles\CMakeTmp\cmTC_42a4e.vcxproj]



Determining if the include file unistd.h exists failed with the following output:
Change Dir: C:/Users/bruna/Desktop/TESE/CPU_implementation/build5/CMakeFiles/CMakeTmp

Run Build Command(s):C:/Program Files (x86)/Microsoft Visual Studio/2019/Community/MSBuild/Current/Bin/MSBuild.exe cmTC_4e193.vcxproj /p:Configuration=Debug /p:Platform=x64 /p:VisualStudioVersion=16.0 /v:m && Microsoft (R) Build Engine version 16.9.0+5e4b48a27 for .NET Framework
Copyright (C) Microsoft Corporation. All rights reserved.

  Microsoft (R) C/C++ Optimizing Compiler Version 19.28.29914 for x64
  Copyright (C) Microsoft Corporation.  All rights reserved.
  CheckIncludeFile.c
  cl /c /Zi /W3 /WX- /diagnostics:column /Od /Ob0 /D WIN32 /D _WINDOWS /D "CMAKE_INTDIR=\"Debug\"" /D _MBCS /Gm- /RTC1 /MDd /GS /fp:precise /Zc:wchar_t /Zc:forScope /Zc:inline /Fo"cmTC_4e193.dir\Debug\\" /Fd"cmTC_4e193.dir\Debug\vc142.pdb" /Gd /TC /errorReport:queue C:\Users\bruna\Desktop\TESE\CPU_implementation\build5\CMakeFiles\CMakeTmp\CheckIncludeFile.c
C:\Users\bruna\Desktop\TESE\CPU_implementation\build5\CMakeFiles\CMakeTmp\CheckIncludeFile.c(1,10): fatal error C1083: Cannot open include file: 'unistd.h': No such file or directory [C:\Users\bruna\Desktop\TESE\CPU_implementation\build5\CMakeFiles\CMakeTmp\cmTC_4e193.vcxproj]



Determining if files unistd.h exist failed with the following output:
Change Dir: C:/Users/bruna/Desktop/TESE/CPU_implementation/build5/CMakeFiles/CMakeTmp

Run Build Command(s):C:/Program Files (x86)/Microsoft Visual Studio/2019/Community/MSBuild/Current/Bin/MSBuild.exe cmTC_bb5b7.vcxproj /p:Configuration=Debug /p:Platform=x64 /p:VisualStudioVersion=16.0 /v:m && Microsoft (R) Build Engine version 16.9.0+5e4b48a27 for .NET Framework
Copyright (C) Microsoft Corporation. All rights reserved.

  Microsoft (R) C/C++ Optimizing Compiler Version 19.28.29914 for x64
  Copyright (C) Microsoft Corporation.  All rights reserved.
  HAVE_UNISTD_H.c
  cl /c /Zi /W3 /WX- /diagnostics:column /Od /Ob0 /D WIN32 /D _WINDOWS /D "CMAKE_INTDIR=\"Debug\"" /D _MBCS /Gm- /RTC1 /MDd /GS /fp:precise /Zc:wchar_t /Zc:forScope /Zc:inline /Fo"cmTC_bb5b7.dir\Debug\\" /Fd"cmTC_bb5b7.dir\Debug\vc142.pdb" /Gd /TC /errorReport:queue C:\Users\bruna\Desktop\TESE\CPU_implementation\build5\CMakeFiles\CheckIncludeFiles\HAVE_UNISTD_H.c
C:\Users\bruna\Desktop\TESE\CPU_implementation\build5\CMakeFiles\CheckIncludeFiles\HAVE_UNISTD_H.c(2,10): fatal error C1083: Cannot open include file: 'unistd.h': No such file or directory [C:\Users\bruna\Desktop\TESE\CPU_implementation\build5\CMakeFiles\CMakeTmp\cmTC_bb5b7.vcxproj]


Source:
/* */
#include <unistd.h>


int main(void){return 0;}

Determining if files sys/time.h exist failed with the following output:
Change Dir: C:/Users/bruna/Desktop/TESE/CPU_implementation/build5/CMakeFiles/CMakeTmp

Run Build Command(s):C:/Program Files (x86)/Microsoft Visual Studio/2019/Community/MSBuild/Current/Bin/MSBuild.exe cmTC_39d84.vcxproj /p:Configuration=Debug /p:Platform=x64 /p:VisualStudioVersion=16.0 /v:m && Microsoft (R) Build Engine version 16.9.0+5e4b48a27 for .NET Framework
Copyright (C) Microsoft Corporation. All rights reserved.

  Microsoft (R) C/C++ Optimizing Compiler Version 19.28.29914 for x64
  Copyright (C) Microsoft Corporation.  All rights reserved.
  HAVE_SYS_TIME_H.c
C:\Users\bruna\Desktop\TESE\CPU_implementation\build5\CMakeFiles\CheckIncludeFiles\HAVE_SYS_TIME_H.c(2,10): fatal error C1083: Cannot open include file: 'sys/time.h': No such file or directory [C:\Users\bruna\Desktop\TESE\CPU_implementation\build5\CMakeFiles\CMakeTmp\cmTC_39d84.vcxproj]
  cl /c /Zi /W3 /WX- /diagnostics:column /Od /Ob0 /D WIN32 /D _WINDOWS /D "CMAKE_INTDIR=\"Debug\"" /D _MBCS /Gm- /RTC1 /MDd /GS /fp:precise /Zc:wchar_t /Zc:forScope /Zc:inline /Fo"cmTC_39d84.dir\Debug\\" /Fd"cmTC_39d84.dir\Debug\vc142.pdb" /Gd /TC /errorReport:queue C:\Users\bruna\Desktop\TESE\CPU_implementation\build5\CMakeFiles\CheckIncludeFiles\HAVE_SYS_TIME_H.c


Source:
/* */
#include <sys/time.h>


int main(void){return 0;}

Determining if files sys/param.h exist failed with the following output:
Change Dir: C:/Users/bruna/Desktop/TESE/CPU_implementation/build5/CMakeFiles/CMakeTmp

Run Build Command(s):C:/Program Files (x86)/Microsoft Visual Studio/2019/Community/MSBuild/Current/Bin/MSBuild.exe cmTC_0febc.vcxproj /p:Configuration=Debug /p:Platform=x64 /p:VisualStudioVersion=16.0 /v:m && Microsoft (R) Build Engine version 16.9.0+5e4b48a27 for .NET Framework
Copyright (C) Microsoft Corporation. All rights reserved.

  Microsoft (R) C/C++ Optimizing Compiler Version 19.28.29914 for x64
  Copyright (C) Microsoft Corporation.  All rights reserved.
  HAVE_SYS_PARAM_H.c
C:\Users\bruna\Desktop\TESE\CPU_implementation\build5\CMakeFiles\CheckIncludeFiles\HAVE_SYS_PARAM_H.c(2,10): fatal error C1083: Cannot open include file: 'sys/param.h': No such file or directory [C:\Users\bruna\Desktop\TESE\CPU_implementation\build5\CMakeFiles\CMakeTmp\cmTC_0febc.vcxproj]
  cl /c /Zi /W3 /WX- /diagnostics:column /Od /Ob0 /D WIN32 /D _WINDOWS /D "CMAKE_INTDIR=\"Debug\"" /D _MBCS /Gm- /RTC1 /MDd /GS /fp:precise /Zc:wchar_t /Zc:forScope /Zc:inline /Fo"cmTC_0febc.dir\Debug\\" /Fd"cmTC_0febc.dir\Debug\vc142.pdb" /Gd /TC /errorReport:queue C:\Users\bruna\Desktop\TESE\CPU_implementation\build5\CMakeFiles\CheckIncludeFiles\HAVE_SYS_PARAM_H.c


Source:
/* */
#include <sys/param.h>


int main(void){return 0;}

Determining if files sys/ioctl.h exist failed with the following output:
Change Dir: C:/Users/bruna/Desktop/TESE/CPU_implementation/build5/CMakeFiles/CMakeTmp

Run Build Command(s):C:/Program Files (x86)/Microsoft Visual Studio/2019/Community/MSBuild/Current/Bin/MSBuild.exe cmTC_28f1d.vcxproj /p:Configuration=Debug /p:Platform=x64 /p:VisualStudioVersion=16.0 /v:m && Microsoft (R) Build Engine version 16.9.0+5e4b48a27 for .NET Framework
Copyright (C) Microsoft Corporation. All rights reserved.

  Microsoft (R) C/C++ Optimizing Compiler Version 19.28.29914 for x64
  Copyright (C) Microsoft Corporation.  All rights reserved.
  HAVE_SYS_IOCTL_H.c
C:\Users\bruna\Desktop\TESE\CPU_implementation\build5\CMakeFiles\CheckIncludeFiles\HAVE_SYS_IOCTL_H.c(2,10): fatal error C1083: Cannot open include file: 'sys/ioctl.h': No such file or directory [C:\Users\bruna\Desktop\TESE\CPU_implementation\build5\CMakeFiles\CMakeTmp\cmTC_28f1d.vcxproj]
  cl /c /Zi /W3 /WX- /diagnostics:column /Od /Ob0 /D WIN32 /D _WINDOWS /D "CMAKE_INTDIR=\"Debug\"" /D _MBCS /Gm- /RTC1 /MDd /GS /fp:precise /Zc:wchar_t /Zc:forScope /Zc:inline /Fo"cmTC_28f1d.dir\Debug\\" /Fd"cmTC_28f1d.dir\Debug\vc142.pdb" /Gd /TC /errorReport:queue C:\Users\bruna\Desktop\TESE\CPU_implementation\build5\CMakeFiles\CheckIncludeFiles\HAVE_SYS_IOCTL_H.c


Source:
/* */
#include <sys/ioctl.h>


int main(void){return 0;}

Determining if files usbhid.h exist failed with the following output:
Change Dir: C:/Users/bruna/Desktop/TESE/CPU_implementation/build5/CMakeFiles/CMakeTmp

Run Build Command(s):C:/Program Files (x86)/Microsoft Visual Studio/2019/Community/MSBuild/Current/Bin/MSBuild.exe cmTC_43e5c.vcxproj /p:Configuration=Debug /p:Platform=x64 /p:VisualStudioVersion=16.0 /v:m && Microsoft (R) Build Engine version 16.9.0+5e4b48a27 for .NET Framework
Copyright (C) Microsoft Corporation. All rights reserved.

  Microsoft (R) C/C++ Optimizing Compiler Version 19.28.29914 for x64
  Copyright (C) Microsoft Corporation.  All rights reserved.
  HAVE_USBHID_H.c
  cl /c /Zi /W3 /WX- /diagnostics:column /Od /Ob0 /D WIN32 /D _WINDOWS /D "CMAKE_INTDIR=\"Debug\"" /D _MBCS /Gm- /RTC1 /MDd /GS /fp:precise /Zc:wchar_t /Zc:forScope /Zc:inline /Fo"cmTC_43e5c.dir\Debug\\" /Fd"cmTC_43e5c.dir\Debug\vc142.pdb" /Gd /TC /errorReport:queue C:\Users\bruna\Desktop\TESE\CPU_implementation\build5\CMakeFiles\CheckIncludeFiles\HAVE_USBHID_H.c
C:\Users\bruna\Desktop\TESE\CPU_implementation\build5\CMakeFiles\CheckIncludeFiles\HAVE_USBHID_H.c(2,10): fatal error C1083: Cannot open include file: 'usbhid.h': No such file or directory [C:\Users\bruna\Desktop\TESE\CPU_implementation\build5\CMakeFiles\CMakeTmp\cmTC_43e5c.vcxproj]


Source:
/* */
#include <usbhid.h>


int main(void){return 0;}

Determining if the function gettimeofday exists failed with the following output:
Change Dir: C:/Users/bruna/Desktop/TESE/CPU_implementation/build5/CMakeFiles/CMakeTmp

Run Build Command(s):C:/Program Files (x86)/Microsoft Visual Studio/2019/Community/MSBuild/Current/Bin/MSBuild.exe cmTC_149d4.vcxproj /p:Configuration=Debug /p:Platform=x64 /p:VisualStudioVersion=16.0 /v:m && Microsoft (R) Build Engine version 16.9.0+5e4b48a27 for .NET Framework
Copyright (C) Microsoft Corporation. All rights reserved.

  Microsoft (R) C/C++ Optimizing Compiler Version 19.28.29914 for x64
  Copyright (C) Microsoft Corporation.  All rights reserved.
  CheckFunctionExists.c
  cl /c /Zi /W3 /WX- /diagnostics:column /Od /Ob0 /D WIN32 /D _WINDOWS /D CHECK_FUNCTION_EXISTS=gettimeofday /D "CMAKE_INTDIR=\"Debug\"" /D _MBCS /Gm- /RTC1 /MDd /GS /fp:precise /Zc:wchar_t /Zc:forScope /Zc:inline /Fo"cmTC_149d4.dir\Debug\\" /Fd"cmTC_149d4.dir\Debug\vc142.pdb" /Gd /TC /errorReport:queue "C:\Program Files\CMake\share\cmake-3.20\Modules\CheckFunctionExists.c"
CheckFunctionExists.obj : error LNK2019: unresolved external symbol gettimeofday referenced in function main [C:\Users\bruna\Desktop\TESE\CPU_implementation\build5\CMakeFiles\CMakeTmp\cmTC_149d4.vcxproj]
C:\Users\bruna\Desktop\TESE\CPU_implementation\build5\CMakeFiles\CMakeTmp\Debug\cmTC_149d4.exe : fatal error LNK1120: 1 unresolved externals [C:\Users\bruna\Desktop\TESE\CPU_implementation\build5\CMakeFiles\CMakeTmp\cmTC_149d4.vcxproj]



Determining if the function XParseGeometry exists failed with the following output:
Change Dir: C:/Users/bruna/Desktop/TESE/CPU_implementation/build5/CMakeFiles/CMakeTmp

Run Build Command(s):C:/Program Files (x86)/Microsoft Visual Studio/2019/Community/MSBuild/Current/Bin/MSBuild.exe cmTC_4df54.vcxproj /p:Configuration=Debug /p:Platform=x64 /p:VisualStudioVersion=16.0 /v:m && Microsoft (R) Build Engine version 16.9.0+5e4b48a27 for .NET Framework
Copyright (C) Microsoft Corporation. All rights reserved.

  Microsoft (R) C/C++ Optimizing Compiler Version 19.28.29914 for x64
  Copyright (C) Microsoft Corporation.  All rights reserved.
  CheckFunctionExists.c
  cl /c /Zi /W3 /WX- /diagnostics:column /Od /Ob0 /D WIN32 /D _WINDOWS /D CHECK_FUNCTION_EXISTS=XParseGeometry /D "CMAKE_INTDIR=\"Debug\"" /D _MBCS /Gm- /RTC1 /MDd /GS /fp:precise /Zc:wchar_t /Zc:forScope /Zc:inline /Fo"cmTC_4df54.dir\Debug\\" /Fd"cmTC_4df54.dir\Debug\vc142.pdb" /Gd /TC /errorReport:queue "C:\Program Files\CMake\share\cmake-3.20\Modules\CheckFunctionExists.c"
CheckFunctionExists.obj : error LNK2019: unresolved external symbol XParseGeometry referenced in function main [C:\Users\bruna\Desktop\TESE\CPU_implementation\build5\CMakeFiles\CMakeTmp\cmTC_4df54.vcxproj]
C:\Users\bruna\Desktop\TESE\CPU_implementation\build5\CMakeFiles\CMakeTmp\Debug\cmTC_4df54.exe : fatal error LNK1120: 1 unresolved externals [C:\Users\bruna\Desktop\TESE\CPU_implementation\build5\CMakeFiles\CMakeTmp\cmTC_4df54.vcxproj]



